{"level":"INFO","ts":"2025-01-18T16:19:04.711+1300","caller":"middleware/logger.go:19","msg":"access log","path":"/","query":"","ip":"::1","method":"GET","status":404,"latency":0}
{"level":"INFO","ts":"2025-01-18T16:19:04.977+1300","caller":"middleware/logger.go:19","msg":"access log","path":"/favicon.ico","query":"","ip":"::1","method":"GET","status":404,"latency":0}
{"level":"INFO","ts":"2025-01-18T17:18:56.233+1300","caller":"middleware/logger.go:19","msg":"access log","path":"/api/v1/register","query":"","ip":"::1","method":"POST","status":400,"latency":0}
{"level":"INFO","ts":"2025-01-18T17:21:20.096+1300","caller":"middleware/logger.go:19","msg":"access log","path":"/api/v1/register","query":"","ip":"::1","method":"POST","status":200,"latency":0.090421}
{"level":"INFO","ts":"2025-01-18T17:27:09.914+1300","caller":"middleware/logger.go:19","msg":"access log","path":"/api/v1/login","query":"","ip":"::1","method":"POST","status":200,"latency":0.0633906}
{"level":"INFO","ts":"2025-01-18T17:34:48.238+1300","caller":"middleware/logger.go:19","msg":"access log","path":"/api/v1/login","query":"","ip":"::1","method":"POST","status":200,"latency":0.0584294}
{"level":"INFO","ts":"2025-01-18T23:35:56.354+1300","caller":"middleware/logger.go:19","msg":"access log","path":"/","query":"","ip":"::1","method":"GET","status":404,"latency":0.0021747}
{"level":"INFO","ts":"2025-01-18T23:36:16.865+1300","caller":"middleware/logger.go:19","msg":"access log","path":"/","query":"","ip":"::1","method":"GET","status":404,"latency":0}
{"level":"INFO","ts":"2025-01-18T23:36:17.657+1300","caller":"middleware/logger.go:19","msg":"access log","path":"/","query":"","ip":"::1","method":"GET","status":404,"latency":0}
{"level":"INFO","ts":"2025-01-21T14:59:35.944+1300","caller":"middleware/logger.go:19","msg":"access log","path":"/","query":"","ip":"::1","method":"GET","status":200,"latency":0.0354985}
{"level":"INFO","ts":"2025-01-21T14:59:35.980+1300","caller":"middleware/logger.go:19","msg":"access log","path":"/assets/index-DxMYSFKA.css","query":"","ip":"::1","method":"GET","status":200,"latency":0.0005067}
{"level":"INFO","ts":"2025-01-21T14:59:35.980+1300","caller":"middleware/logger.go:19","msg":"access log","path":"/assets/index-B3gfbmz3.js","query":"","ip":"::1","method":"GET","status":200,"latency":0.0005067}
{"level":"INFO","ts":"2025-01-21T14:59:36.037+1300","caller":"middleware/logger.go:19","msg":"access log","path":"/vite.svg","query":"","ip":"::1","method":"GET","status":200,"latency":0}
{"level":"INFO","ts":"2025-01-21T14:59:36.038+1300","caller":"middleware/logger.go:19","msg":"access log","path":"/assets/react-CHdo91hT.svg","query":"","ip":"::1","method":"GET","status":200,"latency":0.0005592}
{"level":"INFO","ts":"2025-01-21T15:00:20.495+1300","caller":"middleware/logger.go:19","msg":"access log","path":"/login","query":"","ip":"::1","method":"GET","status":200,"latency":0}
{"level":"INFO","ts":"2025-01-21T15:00:20.525+1300","caller":"middleware/logger.go:19","msg":"access log","path":"/assets/index-B3gfbmz3.js","query":"","ip":"::1","method":"GET","status":304,"latency":0.0005066}
{"level":"INFO","ts":"2025-01-21T15:00:20.525+1300","caller":"middleware/logger.go:19","msg":"access log","path":"/assets/index-DxMYSFKA.css","query":"","ip":"::1","method":"GET","status":304,"latency":0.0005343}
{"level":"INFO","ts":"2025-01-21T15:00:20.543+1300","caller":"middleware/logger.go:19","msg":"access log","path":"/assets/react-CHdo91hT.svg","query":"","ip":"::1","method":"GET","status":304,"latency":0.000504}
{"level":"INFO","ts":"2025-01-21T15:00:20.544+1300","caller":"middleware/logger.go:19","msg":"access log","path":"/vite.svg","query":"","ip":"::1","method":"GET","status":304,"latency":0.0005245}
{"level":"INFO","ts":"2025-01-21T15:00:28.898+1300","caller":"middleware/logger.go:19","msg":"access log","path":"/register","query":"","ip":"::1","method":"GET","status":200,"latency":0.0003621}
{"level":"INFO","ts":"2025-01-21T15:25:21.704+1300","caller":"middleware/logger.go:19","msg":"access log","path":"/","query":"","ip":"::1","method":"GET","status":304,"latency":0}
{"level":"INFO","ts":"2025-01-21T15:25:21.722+1300","caller":"middleware/logger.go:19","msg":"access log","path":"/assets/index-B3gfbmz3.js","query":"","ip":"::1","method":"GET","status":304,"latency":0.0005073}
{"level":"INFO","ts":"2025-01-21T15:25:21.722+1300","caller":"middleware/logger.go:19","msg":"access log","path":"/assets/index-DxMYSFKA.css","query":"","ip":"::1","method":"GET","status":304,"latency":0.0005073}
{"level":"INFO","ts":"2025-01-21T15:25:21.765+1300","caller":"middleware/logger.go:19","msg":"access log","path":"/assets/react-CHdo91hT.svg","query":"","ip":"::1","method":"GET","status":304,"latency":0}
{"level":"INFO","ts":"2025-01-21T15:25:21.766+1300","caller":"middleware/logger.go:19","msg":"access log","path":"/vite.svg","query":"","ip":"::1","method":"GET","status":304,"latency":0.0005306}
{"level":"INFO","ts":"2025-01-21T15:25:22.731+1300","caller":"middleware/logger.go:19","msg":"access log","path":"/","query":"","ip":"::1","method":"GET","status":304,"latency":0}
{"level":"INFO","ts":"2025-01-21T15:26:14.743+1300","caller":"middleware/logger.go:19","msg":"access log","path":"/login","query":"","ip":"::1","method":"GET","status":304,"latency":0.000507}
{"level":"INFO","ts":"2025-01-21T15:27:12.430+1300","caller":"middleware/logger.go:19","msg":"access log","path":"/的页面如附件截图所示。请继续提供前端注册页面和登陆页面的相关代码，因为后端已经实现了注册和登录功能。","query":"","ip":"::1","method":"GET","status":200,"latency":0.0468167}
